<?xml version="1.0" encoding="UTF-8"?>
<testsuite xmlns:xsi="http://www.w3.org/2001/XMLSchema-instance" xsi:noNamespaceSchemaLocation="https://maven.apache.org/surefire/maven-surefire-plugin/xsd/surefire-test-report-3.0.xsd" version="3.0" name="com.example.chatApp.ChatAppApplicationTests" time="1.539" tests="1" errors="0" skipped="0" failures="0">
  <properties>
[...]
</properties>
  <testcase name="contextLoads" classname="com.example.chatApp.ChatAppApplicationTests" time="0.399">
    <system-out><![CDATA[19:36:52.714 [main] INFO org.springframework.test.context.support.AnnotationConfigContextLoaderUtils -- Could not detect default configuration classes for test class [com.example.chatApp.ChatAppApplicationTests]: ChatAppApplicationTests does not declare any static, non-private, non-final, nested classes annotated with @Configuration.
19:36:52.756 [main] INFO org.springframework.boot.test.context.SpringBootTestContextBootstrapper -- Found @SpringBootConfiguration com.example.chatApp.ChatAppApplication for test class com.example.chatApp.ChatAppApplicationTests

  .   ____          _            __ _ _
 /\\ / ___'_ __ _ _(_)_ __  __ _ \ \ \ \
( ( )\___ | '_ | '_| | '_ \/ _` | \ \ \ \
 \\/  ___)| |_)| | | | | || (_| |  ) ) ) )
  '  |____| .__|_| |_|_| |_\__, | / / / /
 =========|_|==============|___/=/_/_/_/
 :: Spring Boot ::                (v3.1.5)

2024-01-01T19:36:52.913+03:00  WARN 80569 --- [           main] ory$DuplicateJsonObjectContextCustomizer : 

Found multiple occurrences of org.json.JSONObject on the class path:

	jar:file:/home/jemsit/.m2/repository/com/vaadin/external/google/android-json/0.0.20131108.vaadin1/android-json-0.0.20131108.vaadin1.jar!/org/json/JSONObject.class
	jar:file:/home/jemsit/.m2/repository/org/json/json/20220320/json-20220320.jar!/org/json/JSONObject.class

You may wish to exclude one of them to ensure predictable runtime behavior

2024-01-01T19:36:52.921+03:00  INFO 80569 --- [           main] c.e.chatApp.ChatAppApplicationTests      : Starting ChatAppApplicationTests using Java 17.0.9 with PID 80569 (started by jemsit in /home/jemsit/Desktop/gitlab/WebRTC/backend)
2024-01-01T19:36:52.922+03:00  INFO 80569 --- [           main] c.e.chatApp.ChatAppApplicationTests      : No active profile set, falling back to 1 default profile: "default"
2024-01-01T19:36:53.191+03:00  INFO 80569 --- [           main] .s.d.r.c.RepositoryConfigurationDelegate : Multiple Spring Data modules found, entering strict repository configuration mode
2024-01-01T19:36:53.193+03:00  INFO 80569 --- [           main] .s.d.r.c.RepositoryConfigurationDelegate : Bootstrapping Spring Data Redis repositories in DEFAULT mode.
2024-01-01T19:36:53.212+03:00  INFO 80569 --- [           main] .s.d.r.c.RepositoryConfigurationDelegate : Finished Spring Data repository scanning in 9 ms. Found 0 Redis repository interfaces.
2024-01-01T19:36:53.764+03:00  INFO 80569 --- [           main] o.s.m.s.b.SimpleBrokerMessageHandler     : Starting...
2024-01-01T19:36:53.765+03:00  INFO 80569 --- [           main] o.s.m.s.b.SimpleBrokerMessageHandler     : BrokerAvailabilityEvent[available=true, SimpleBrokerMessageHandler [org.springframework.messaging.simp.broker.DefaultSubscriptionRegistry@5d66ae3a]]
2024-01-01T19:36:53.766+03:00  INFO 80569 --- [           main] o.s.m.s.b.SimpleBrokerMessageHandler     : Started.
2024-01-01T19:36:53.770+03:00  INFO 80569 --- [           main] c.e.chatApp.ChatAppApplicationTests      : Started ChatAppApplicationTests in 0.95 seconds (process running for 1.394)
]]></system-out>
  </testcase>
</testsuite>